The system is: Windows - 10.0.22622 - AMD64
Compiling the C compiler identification source file "CMakeCCompilerId.c" succeeded.
Compiler: C:/Program Files/Microsoft Visual Studio/2022/Community/VC/Tools/MSVC/14.37.32822/bin/Hostx86/x86/cl.exe 
Build flags: 
Id flags:  

The output was:
0
Оптимизирующий компилятор Microsoft (R) C/C++ версии 19.37.32822 для x86
(C) Корпорация Майкрософт (Microsoft Corporation).  Все права защищены.

CMakeCCompilerId.c
Microsoft (R) Incremental Linker Version 14.37.32822.0
Copyright (C) Microsoft Corporation.  All rights reserved.

/out:CMakeCCompilerId.exe 
CMakeCCompilerId.obj 


Compilation of the C compiler identification source "CMakeCCompilerId.c" produced "CMakeCCompilerId.exe"

Compilation of the C compiler identification source "CMakeCCompilerId.c" produced "CMakeCCompilerId.obj"

The C compiler identification is MSVC, found in "D:/Dev/VK2TG/cmake-build-debug-visual-studio/CMakeFiles/3.25.2/CompilerIdC/CMakeCCompilerId.exe"

Compiling the CXX compiler identification source file "CMakeCXXCompilerId.cpp" succeeded.
Compiler: C:/Program Files/Microsoft Visual Studio/2022/Community/VC/Tools/MSVC/14.37.32822/bin/Hostx86/x86/cl.exe 
Build flags: 
Id flags:  

The output was:
0
Оптимизирующий компилятор Microsoft (R) C/C++ версии 19.37.32822 для x86
(C) Корпорация Майкрософт (Microsoft Corporation).  Все права защищены.

CMakeCXXCompilerId.cpp
Microsoft (R) Incremental Linker Version 14.37.32822.0
Copyright (C) Microsoft Corporation.  All rights reserved.

/out:CMakeCXXCompilerId.exe 
CMakeCXXCompilerId.obj 


Compilation of the CXX compiler identification source "CMakeCXXCompilerId.cpp" produced "CMakeCXXCompilerId.exe"

Compilation of the CXX compiler identification source "CMakeCXXCompilerId.cpp" produced "CMakeCXXCompilerId.obj"

The CXX compiler identification is MSVC, found in "D:/Dev/VK2TG/cmake-build-debug-visual-studio/CMakeFiles/3.25.2/CompilerIdCXX/CMakeCXXCompilerId.exe"

Detecting C compiler ABI info compiled with the following output:
Change Dir: D:/Dev/VK2TG/cmake-build-debug-visual-studio/CMakeFiles/CMakeScratch/TryCompile-zwawii

Run Build Command(s):D:/Media/CLion 2023.1/bin/ninja/win/x64/ninja.exe cmTC_1caeb && [1/2] Building C object CMakeFiles\cmTC_1caeb.dir\CMakeCCompilerABI.c.obj
[2/2] Linking C executable cmTC_1caeb.exe



Detecting CXX compiler ABI info compiled with the following output:
Change Dir: D:/Dev/VK2TG/cmake-build-debug-visual-studio/CMakeFiles/CMakeScratch/TryCompile-65yjsz

Run Build Command(s):D:/Media/CLion 2023.1/bin/ninja/win/x64/ninja.exe cmTC_178c6 && [1/2] Building CXX object CMakeFiles\cmTC_178c6.dir\CMakeCXXCompilerABI.cpp.obj
[2/2] Linking CXX executable cmTC_178c6.exe



